2023-05-22T08:22:05.833-03:00  INFO 31452 --- [main] b.c.c.cpr.ProcessCprApiApplicationTests  : Starting ProcessCprApiApplicationTests using Java 17.0.6 with PID 31452 (started by marcosvieira in D:\workspace-spring-tool-suite\process-cpr-api)
2023-05-22T08:22:05.835-03:00  INFO 31452 --- [main] b.c.c.cpr.ProcessCprApiApplicationTests  : No active profile set, falling back to 1 default profile: "default"
2023-05-22T08:22:06.916-03:00  INFO 31452 --- [main] .s.d.r.c.RepositoryConfigurationDelegate : Bootstrapping Spring Data JPA repositories in DEFAULT mode.
2023-05-22T08:22:07.080-03:00  INFO 31452 --- [main] .s.d.r.c.RepositoryConfigurationDelegate : Finished Spring Data repository scanning in 153 ms. Found 3 JPA repository interfaces.
2023-05-22T08:22:07.639-03:00  INFO 31452 --- [main] com.zaxxer.hikari.HikariDataSource       : HikariPool-1 - Starting...
2023-05-22T08:22:08.090-03:00  INFO 31452 --- [main] com.zaxxer.hikari.pool.HikariPool        : HikariPool-1 - Added connection oracle.jdbc.driver.T4CConnection@795f6681
2023-05-22T08:22:08.092-03:00  INFO 31452 --- [main] com.zaxxer.hikari.HikariDataSource       : HikariPool-1 - Start completed.
2023-05-22T08:22:08.130-03:00  INFO 31452 --- [main] o.hibernate.jpa.internal.util.LogHelper  : HHH000204: Processing PersistenceUnitInfo [name: default]
2023-05-22T08:22:08.196-03:00  INFO 31452 --- [main] org.hibernate.Version                    : HHH000412: Hibernate ORM core version 6.2.2.Final
2023-05-22T08:22:08.199-03:00  INFO 31452 --- [main] org.hibernate.cfg.Environment            : HHH000406: Using bytecode reflection optimizer
2023-05-22T08:22:08.347-03:00  INFO 31452 --- [main] o.h.b.i.BytecodeProviderInitiator        : HHH000021: Bytecode provider name : bytebuddy
2023-05-22T08:22:08.476-03:00  INFO 31452 --- [main] o.s.o.j.p.SpringPersistenceUnitInfo      : No LoadTimeWeaver setup: ignoring JPA class transformer
2023-05-22T08:22:08.652-03:00  INFO 31452 --- [main] org.hibernate.orm.dialect                : HHH035001: Using dialect: org.hibernate.dialect.OracleDialect, version: 19.0
2023-05-22T08:22:08.860-03:00  INFO 31452 --- [main] o.h.b.i.BytecodeProviderInitiator        : HHH000021: Bytecode provider name : bytebuddy
2023-05-22T08:22:09.395-03:00  INFO 31452 --- [main] o.h.e.t.j.p.i.JtaPlatformInitiator       : HHH000490: Using JtaPlatform implementation: [org.hibernate.engine.transaction.jta.platform.internal.NoJtaPlatform]
2023-05-22T08:22:09.398-03:00  INFO 31452 --- [main] j.LocalContainerEntityManagerFactoryBean : Initialized JPA EntityManagerFactory for persistence unit 'default'
2023-05-22T08:22:09.772-03:00  INFO 31452 --- [main] o.s.d.j.r.query.QueryEnhancerFactory     : Hibernate is in classpath; If applicable, HQL parser will be used.
2023-05-22T08:22:10.996-03:00  INFO 31452 --- [main] o.s.b.a.e.web.EndpointLinksResolver      : Exposing 9 endpoint(s) beneath base path '/actuator'
2023-05-22T08:22:11.077-03:00  INFO 31452 --- [main] b.c.c.cpr.ProcessCprApiApplicationTests  : Started ProcessCprApiApplicationTests in 5.494 seconds (process running for 6.443)
2023-05-22T08:22:11.093-03:00 ERROR 31452 --- [registrationTask1] o.s.s.s.TaskUtils$LoggingErrorHandler    : Unexpected error occurred in scheduled task

java.lang.IllegalStateException: couldn't determine local port. Please set spring.boot.admin.client.instance.service-base-url.
	at de.codecentric.boot.admin.client.registration.DefaultApplicationFactory.getLocalServerPort(DefaultApplicationFactory.java:205) ~[spring-boot-admin-client-3.0.4.jar:3.0.4]
	at de.codecentric.boot.admin.client.registration.DefaultApplicationFactory.getServiceBaseUrl(DefaultApplicationFactory.java:109) ~[spring-boot-admin-client-3.0.4.jar:3.0.4]
	at de.codecentric.boot.admin.client.registration.ServletApplicationFactory.getServiceUrl(ServletApplicationFactory.java:62) ~[spring-boot-admin-client-3.0.4.jar:3.0.4]
	at de.codecentric.boot.admin.client.registration.ServletApplicationFactory.getManagementBaseUrl(ServletApplicationFactory.java:77) ~[spring-boot-admin-client-3.0.4.jar:3.0.4]
	at de.codecentric.boot.admin.client.registration.DefaultApplicationFactory.getHealthUrl(DefaultApplicationFactory.java:165) ~[spring-boot-admin-client-3.0.4.jar:3.0.4]
	at de.codecentric.boot.admin.client.registration.DefaultApplicationFactory.createApplication(DefaultApplicationFactory.java:80) ~[spring-boot-admin-client-3.0.4.jar:3.0.4]
	at de.codecentric.boot.admin.client.registration.DefaultApplicationRegistrator.register(DefaultApplicationRegistrator.java:56) ~[spring-boot-admin-client-3.0.4.jar:3.0.4]
	at org.springframework.scheduling.support.DelegatingErrorHandlingRunnable.run(DelegatingErrorHandlingRunnable.java:54) ~[spring-context-6.0.9.jar:6.0.9]
	at java.base/java.util.concurrent.Executors$RunnableAdapter.call(Executors.java:539) ~[na:na]
	at java.base/java.util.concurrent.FutureTask.runAndReset(FutureTask.java:305) ~[na:na]
	at java.base/java.util.concurrent.ScheduledThreadPoolExecutor$ScheduledFutureTask.run(ScheduledThreadPoolExecutor.java:305) ~[na:na]
	at java.base/java.util.concurrent.ThreadPoolExecutor.runWorker(ThreadPoolExecutor.java:1136) ~[na:na]
	at java.base/java.util.concurrent.ThreadPoolExecutor$Worker.run(ThreadPoolExecutor.java:635) ~[na:na]
	at java.base/java.lang.Thread.run(Thread.java:833) ~[na:na]

2023-05-22T08:22:11.955-03:00  INFO 31452 --- [SpringApplicationShutdownHook] j.LocalContainerEntityManagerFactoryBean : Closing JPA EntityManagerFactory for persistence unit 'default'
2023-05-22T08:22:11.957-03:00  INFO 31452 --- [SpringApplicationShutdownHook] com.zaxxer.hikari.HikariDataSource       : HikariPool-1 - Shutdown initiated...
2023-05-22T08:22:11.995-03:00  INFO 31452 --- [SpringApplicationShutdownHook] com.zaxxer.hikari.HikariDataSource       : HikariPool-1 - Shutdown completed.
2023-05-22T08:34:20.537-03:00  INFO 18392 --- [main] b.c.c.cpr.ProcessCprApiApplicationTests  : Starting ProcessCprApiApplicationTests using Java 17.0.6 with PID 18392 (started by marcosvieira in D:\workspace-spring-tool-suite\process-cpr-api)
2023-05-22T08:34:20.539-03:00  INFO 18392 --- [main] b.c.c.cpr.ProcessCprApiApplicationTests  : No active profile set, falling back to 1 default profile: "default"
2023-05-22T08:34:21.603-03:00  INFO 18392 --- [main] .s.d.r.c.RepositoryConfigurationDelegate : Bootstrapping Spring Data JPA repositories in DEFAULT mode.
2023-05-22T08:34:21.777-03:00  INFO 18392 --- [main] .s.d.r.c.RepositoryConfigurationDelegate : Finished Spring Data repository scanning in 163 ms. Found 3 JPA repository interfaces.
2023-05-22T08:34:22.337-03:00  INFO 18392 --- [main] com.zaxxer.hikari.HikariDataSource       : HikariPool-1 - Starting...
2023-05-22T08:34:22.766-03:00  INFO 18392 --- [main] com.zaxxer.hikari.pool.HikariPool        : HikariPool-1 - Added connection oracle.jdbc.driver.T4CConnection@240a2619
2023-05-22T08:34:22.768-03:00  INFO 18392 --- [main] com.zaxxer.hikari.HikariDataSource       : HikariPool-1 - Start completed.
2023-05-22T08:34:22.810-03:00  INFO 18392 --- [main] o.hibernate.jpa.internal.util.LogHelper  : HHH000204: Processing PersistenceUnitInfo [name: default]
2023-05-22T08:34:22.876-03:00  INFO 18392 --- [main] org.hibernate.Version                    : HHH000412: Hibernate ORM core version 6.2.2.Final
2023-05-22T08:34:22.879-03:00  INFO 18392 --- [main] org.hibernate.cfg.Environment            : HHH000406: Using bytecode reflection optimizer
2023-05-22T08:34:23.031-03:00  INFO 18392 --- [main] o.h.b.i.BytecodeProviderInitiator        : HHH000021: Bytecode provider name : bytebuddy
2023-05-22T08:34:23.162-03:00  INFO 18392 --- [main] o.s.o.j.p.SpringPersistenceUnitInfo      : No LoadTimeWeaver setup: ignoring JPA class transformer
2023-05-22T08:34:23.310-03:00  INFO 18392 --- [main] org.hibernate.orm.dialect                : HHH035001: Using dialect: org.hibernate.dialect.OracleDialect, version: 19.0
2023-05-22T08:34:23.534-03:00  INFO 18392 --- [main] o.h.b.i.BytecodeProviderInitiator        : HHH000021: Bytecode provider name : bytebuddy
2023-05-22T08:34:24.072-03:00  INFO 18392 --- [main] o.h.e.t.j.p.i.JtaPlatformInitiator       : HHH000490: Using JtaPlatform implementation: [org.hibernate.engine.transaction.jta.platform.internal.NoJtaPlatform]
2023-05-22T08:34:24.075-03:00  INFO 18392 --- [main] j.LocalContainerEntityManagerFactoryBean : Initialized JPA EntityManagerFactory for persistence unit 'default'
2023-05-22T08:34:24.455-03:00  INFO 18392 --- [main] o.s.d.j.r.query.QueryEnhancerFactory     : Hibernate is in classpath; If applicable, HQL parser will be used.
2023-05-22T08:34:25.740-03:00  INFO 18392 --- [main] o.s.b.a.e.web.EndpointLinksResolver      : Exposing 9 endpoint(s) beneath base path '/actuator'
2023-05-22T08:34:25.807-03:00  INFO 18392 --- [main] b.c.c.cpr.ProcessCprApiApplicationTests  : Started ProcessCprApiApplicationTests in 5.539 seconds (process running for 6.499)
2023-05-22T08:34:25.822-03:00 ERROR 18392 --- [registrationTask1] o.s.s.s.TaskUtils$LoggingErrorHandler    : Unexpected error occurred in scheduled task

java.lang.IllegalStateException: couldn't determine local port. Please set spring.boot.admin.client.instance.service-base-url.
	at de.codecentric.boot.admin.client.registration.DefaultApplicationFactory.getLocalServerPort(DefaultApplicationFactory.java:205) ~[spring-boot-admin-client-3.0.4.jar:3.0.4]
	at de.codecentric.boot.admin.client.registration.DefaultApplicationFactory.getServiceBaseUrl(DefaultApplicationFactory.java:109) ~[spring-boot-admin-client-3.0.4.jar:3.0.4]
	at de.codecentric.boot.admin.client.registration.ServletApplicationFactory.getServiceUrl(ServletApplicationFactory.java:62) ~[spring-boot-admin-client-3.0.4.jar:3.0.4]
	at de.codecentric.boot.admin.client.registration.ServletApplicationFactory.getManagementBaseUrl(ServletApplicationFactory.java:77) ~[spring-boot-admin-client-3.0.4.jar:3.0.4]
	at de.codecentric.boot.admin.client.registration.DefaultApplicationFactory.getHealthUrl(DefaultApplicationFactory.java:165) ~[spring-boot-admin-client-3.0.4.jar:3.0.4]
	at de.codecentric.boot.admin.client.registration.DefaultApplicationFactory.createApplication(DefaultApplicationFactory.java:80) ~[spring-boot-admin-client-3.0.4.jar:3.0.4]
	at de.codecentric.boot.admin.client.registration.DefaultApplicationRegistrator.register(DefaultApplicationRegistrator.java:56) ~[spring-boot-admin-client-3.0.4.jar:3.0.4]
	at org.springframework.scheduling.support.DelegatingErrorHandlingRunnable.run(DelegatingErrorHandlingRunnable.java:54) ~[spring-context-6.0.9.jar:6.0.9]
	at java.base/java.util.concurrent.Executors$RunnableAdapter.call(Executors.java:539) ~[na:na]
	at java.base/java.util.concurrent.FutureTask.runAndReset(FutureTask.java:305) ~[na:na]
	at java.base/java.util.concurrent.ScheduledThreadPoolExecutor$ScheduledFutureTask.run(ScheduledThreadPoolExecutor.java:305) ~[na:na]
	at java.base/java.util.concurrent.ThreadPoolExecutor.runWorker(ThreadPoolExecutor.java:1136) ~[na:na]
	at java.base/java.util.concurrent.ThreadPoolExecutor$Worker.run(ThreadPoolExecutor.java:635) ~[na:na]
	at java.base/java.lang.Thread.run(Thread.java:833) ~[na:na]

2023-05-22T08:34:26.537-03:00  INFO 18392 --- [SpringApplicationShutdownHook] j.LocalContainerEntityManagerFactoryBean : Closing JPA EntityManagerFactory for persistence unit 'default'
2023-05-22T08:34:26.540-03:00  INFO 18392 --- [SpringApplicationShutdownHook] com.zaxxer.hikari.HikariDataSource       : HikariPool-1 - Shutdown initiated...
2023-05-22T08:34:26.585-03:00  INFO 18392 --- [SpringApplicationShutdownHook] com.zaxxer.hikari.HikariDataSource       : HikariPool-1 - Shutdown completed.
2023-05-22T11:20:13.265-03:00  INFO 8108 --- [restartedMain] b.c.c.cpr.ProcessCprApiApplication       : Starting ProcessCprApiApplication using Java 17.0.6 with PID 8108 (D:\workspace-spring-tool-suite\process-cpr-api\target\classes started by marcosvieira in D:\workspace-spring-tool-suite\process-cpr-api)
2023-05-22T11:20:13.299-03:00  INFO 8108 --- [restartedMain] b.c.c.cpr.ProcessCprApiApplication       : No active profile set, falling back to 1 default profile: "default"
2023-05-22T11:20:13.328-03:00  INFO 8108 --- [restartedMain] o.s.b.devtools.restart.ChangeableUrls    : The Class-Path manifest attribute in C:\Users\marcosvieira\.m2\repository\com\oracle\database\jdbc\ojdbc8\21.9.0.0\ojdbc8-21.9.0.0.jar referenced one or more files that do not exist: file:/C:/Users/marcosvieira/.m2/repository/com/oracle/database/jdbc/ojdbc8/21.9.0.0/oraclepki.jar
2023-05-22T11:20:13.328-03:00  INFO 8108 --- [restartedMain] .e.DevToolsPropertyDefaultsPostProcessor : Devtools property defaults active! Set 'spring.devtools.add-properties' to 'false' to disable
2023-05-22T11:20:13.328-03:00  INFO 8108 --- [restartedMain] .e.DevToolsPropertyDefaultsPostProcessor : For additional web related logging consider setting the 'logging.level.web' property to 'DEBUG'
2023-05-22T11:20:14.099-03:00  INFO 8108 --- [restartedMain] .s.d.r.c.RepositoryConfigurationDelegate : Bootstrapping Spring Data JPA repositories in DEFAULT mode.
2023-05-22T11:20:14.227-03:00  INFO 8108 --- [restartedMain] .s.d.r.c.RepositoryConfigurationDelegate : Finished Spring Data repository scanning in 119 ms. Found 3 JPA repository interfaces.
2023-05-22T11:20:14.650-03:00  INFO 8108 --- [restartedMain] o.s.b.w.embedded.tomcat.TomcatWebServer  : Tomcat initialized with port(s): 8092 (http)
2023-05-22T11:20:14.658-03:00  INFO 8108 --- [restartedMain] o.apache.catalina.core.StandardService   : Starting service [Tomcat]
2023-05-22T11:20:14.658-03:00  INFO 8108 --- [restartedMain] o.apache.catalina.core.StandardEngine    : Starting Servlet engine: [Apache Tomcat/10.1.8]
2023-05-22T11:20:14.741-03:00  INFO 8108 --- [restartedMain] o.a.c.c.C.[Tomcat].[localhost].[/]       : Initializing Spring embedded WebApplicationContext
2023-05-22T11:20:14.741-03:00  INFO 8108 --- [restartedMain] w.s.c.ServletWebServerApplicationContext : Root WebApplicationContext: initialization completed in 1412 ms
2023-05-22T11:20:14.930-03:00  INFO 8108 --- [restartedMain] com.zaxxer.hikari.HikariDataSource       : HikariPool-1 - Starting...
2023-05-22T11:21:07.306-03:00  INFO 8108 --- [restartedMain] com.zaxxer.hikari.pool.HikariPool        : HikariPool-1 - Added connection oracle.jdbc.driver.T4CConnection@43a66dca
2023-05-22T11:21:07.308-03:00  INFO 8108 --- [restartedMain] com.zaxxer.hikari.HikariDataSource       : HikariPool-1 - Start completed.
2023-05-22T11:21:07.339-03:00  INFO 8108 --- [restartedMain] o.hibernate.jpa.internal.util.LogHelper  : HHH000204: Processing PersistenceUnitInfo [name: default]
2023-05-22T11:21:07.395-03:00  INFO 8108 --- [restartedMain] org.hibernate.Version                    : HHH000412: Hibernate ORM core version 6.2.2.Final
2023-05-22T11:21:07.397-03:00  INFO 8108 --- [restartedMain] org.hibernate.cfg.Environment            : HHH000406: Using bytecode reflection optimizer
2023-05-22T11:21:07.522-03:00  INFO 8108 --- [restartedMain] o.h.b.i.BytecodeProviderInitiator        : HHH000021: Bytecode provider name : bytebuddy
2023-05-22T11:21:07.641-03:00  INFO 8108 --- [restartedMain] o.s.o.j.p.SpringPersistenceUnitInfo      : No LoadTimeWeaver setup: ignoring JPA class transformer
2023-05-22T11:21:08.143-03:00  INFO 8108 --- [restartedMain] org.hibernate.orm.dialect                : HHH035001: Using dialect: org.hibernate.dialect.OracleDialect, version: 19.0
2023-05-22T11:21:08.414-03:00  INFO 8108 --- [restartedMain] o.h.b.i.BytecodeProviderInitiator        : HHH000021: Bytecode provider name : bytebuddy
2023-05-22T11:21:08.944-03:00  INFO 8108 --- [restartedMain] o.h.e.t.j.p.i.JtaPlatformInitiator       : HHH000490: Using JtaPlatform implementation: [org.hibernate.engine.transaction.jta.platform.internal.NoJtaPlatform]
2023-05-22T11:21:08.946-03:00  INFO 8108 --- [restartedMain] j.LocalContainerEntityManagerFactoryBean : Initialized JPA EntityManagerFactory for persistence unit 'default'
2023-05-22T11:21:09.222-03:00  INFO 8108 --- [restartedMain] o.s.d.j.r.query.QueryEnhancerFactory     : Hibernate is in classpath; If applicable, HQL parser will be used.
2023-05-22T11:21:09.895-03:00  INFO 8108 --- [restartedMain] o.s.b.d.a.OptionalLiveReloadServer       : LiveReload server is running on port 35729
2023-05-22T11:21:09.899-03:00  INFO 8108 --- [restartedMain] o.s.b.a.e.web.EndpointLinksResolver      : Exposing 9 endpoint(s) beneath base path '/actuator'
2023-05-22T11:21:09.964-03:00  INFO 8108 --- [restartedMain] o.s.b.w.embedded.tomcat.TomcatWebServer  : Tomcat started on port(s): 8092 (http) with context path ''
2023-05-22T11:21:09.977-03:00  INFO 8108 --- [restartedMain] b.c.c.cpr.ProcessCprApiApplication       : Started ProcessCprApiApplication in 56.971 seconds (process running for 57.697)
2023-05-22T11:21:10.040-03:00  WARN 8108 --- [registrationTask1] d.c.b.a.c.r.ApplicationRegistrator       : Failed to register application as Application(name=process-cpr-api, managementUrl=http://marcosvieira.cooxupe.com.br:8092/actuator, healthUrl=http://marcosvieira.cooxupe.com.br:8092/actuator/health, serviceUrl=http://marcosvieira.cooxupe.com.br:8092/) at spring-boot-admin ([http://localhost:9092/instances]): I/O error on POST request for "http://localhost:9092/instances": Connection refused: no further information. Further attempts are logged on DEBUG level
2023-05-22T11:21:10.945-03:00  INFO 8108 --- [RMI TCP Connection(12)-127.0.0.1] o.a.c.c.C.[Tomcat].[localhost].[/]       : Initializing Spring DispatcherServlet 'dispatcherServlet'
2023-05-22T11:21:10.946-03:00  INFO 8108 --- [RMI TCP Connection(12)-127.0.0.1] o.s.web.servlet.DispatcherServlet        : Initializing Servlet 'dispatcherServlet'
2023-05-22T11:21:10.947-03:00  INFO 8108 --- [RMI TCP Connection(12)-127.0.0.1] o.s.web.servlet.DispatcherServlet        : Completed initialization in 1 ms
2023-05-22T11:21:20.507-03:00 ERROR 8108 --- [http-nio-8092-exec-2] b.c.c.c.e.h.ControllerExceptionHandler   : ######## => Erro em UnauthorizedException: 401 - Unauthorized
2023-05-22T11:21:20.514-03:00  WARN 8108 --- [http-nio-8092-exec-2] .m.m.a.ExceptionHandlerExceptionResolver : Resolved [br.com.cooxupe.cpr.exception.UnauthorizedException: Unauthorized]
2023-05-22T11:28:34.156-03:00 ERROR 8108 --- [http-nio-8092-exec-5] b.c.c.c.e.h.ControllerExceptionHandler   : ######## => Erro em UnauthorizedException: 401 - Unauthorized
2023-05-22T11:28:34.157-03:00  WARN 8108 --- [http-nio-8092-exec-5] .m.m.a.ExceptionHandlerExceptionResolver : Resolved [br.com.cooxupe.cpr.exception.UnauthorizedException: Unauthorized]
2023-05-22T13:51:00.223-03:00 ERROR 8108 --- [http-nio-8092-exec-9] b.c.c.c.e.h.ControllerExceptionHandler   : ######## => Erro em UnauthorizedException: 401 - Unauthorized
2023-05-22T13:51:00.225-03:00  WARN 8108 --- [http-nio-8092-exec-9] .m.m.a.ExceptionHandlerExceptionResolver : Resolved [br.com.cooxupe.cpr.exception.UnauthorizedException: Unauthorized]
2023-05-22T14:38:38.197-03:00  INFO 8108 --- [File Watcher] rtingClassPathChangeChangedEventListener : Restarting due to 1 class path change (0 additions, 0 deletions, 1 modification)
2023-05-22T14:38:38.210-03:00  INFO 8108 --- [Thread-7] o.apache.catalina.core.StandardService   : Stopping service [Tomcat]
2023-05-22T14:38:38.212-03:00  INFO 8108 --- [Thread-7] o.a.c.c.C.[Tomcat].[localhost].[/]       : Destroying Spring FrameworkServlet 'dispatcherServlet'
2023-05-22T14:38:38.216-03:00  WARN 8108 --- [Thread-7] o.a.c.loader.WebappClassLoaderBase       : The web application [ROOT] appears to have started a thread named [reactor-http-nio-1] but has failed to stop it. This is very likely to create a memory leak. Stack trace of thread:
 java.base@17.0.6/sun.nio.ch.WEPoll.wait(Native Method)
 java.base@17.0.6/sun.nio.ch.WEPollSelectorImpl.doSelect(WEPollSelectorImpl.java:111)
 java.base@17.0.6/sun.nio.ch.SelectorImpl.lockAndDoSelect(SelectorImpl.java:129)
 java.base@17.0.6/sun.nio.ch.SelectorImpl.select(SelectorImpl.java:146)
 app//io.netty.channel.nio.SelectedSelectionKeySetSelector.select(SelectedSelectionKeySetSelector.java:68)
 app//io.netty.channel.nio.NioEventLoop.select(NioEventLoop.java:879)
 app//io.netty.channel.nio.NioEventLoop.run(NioEventLoop.java:526)
 app//io.netty.util.concurrent.SingleThreadEventExecutor$4.run(SingleThreadEventExecutor.java:997)
 app//io.netty.util.internal.ThreadExecutorMap$2.run(ThreadExecutorMap.java:74)
 app//io.netty.util.concurrent.FastThreadLocalRunnable.run(FastThreadLocalRunnable.java:30)
 java.base@17.0.6/java.lang.Thread.run(Thread.java:833)
2023-05-22T14:38:38.216-03:00  WARN 8108 --- [Thread-7] o.a.c.loader.WebappClassLoaderBase       : The web application [ROOT] appears to have started a thread named [reactor-http-nio-2] but has failed to stop it. This is very likely to create a memory leak. Stack trace of thread:
 java.base@17.0.6/sun.nio.ch.WEPoll.wait(Native Method)
 java.base@17.0.6/sun.nio.ch.WEPollSelectorImpl.doSelect(WEPollSelectorImpl.java:111)
 java.base@17.0.6/sun.nio.ch.SelectorImpl.lockAndDoSelect(SelectorImpl.java:129)
 java.base@17.0.6/sun.nio.ch.SelectorImpl.select(SelectorImpl.java:146)
 app//io.netty.channel.nio.SelectedSelectionKeySetSelector.select(SelectedSelectionKeySetSelector.java:68)
 app//io.netty.channel.nio.NioEventLoop.select(NioEventLoop.java:879)
 app//io.netty.channel.nio.NioEventLoop.run(NioEventLoop.java:526)
 app//io.netty.util.concurrent.SingleThreadEventExecutor$4.run(SingleThreadEventExecutor.java:997)
 app//io.netty.util.internal.ThreadExecutorMap$2.run(ThreadExecutorMap.java:74)
 app//io.netty.util.concurrent.FastThreadLocalRunnable.run(FastThreadLocalRunnable.java:30)
 java.base@17.0.6/java.lang.Thread.run(Thread.java:833)
2023-05-22T14:38:38.217-03:00  WARN 8108 --- [Thread-7] o.a.c.loader.WebappClassLoaderBase       : The web application [ROOT] appears to have started a thread named [reactor-http-nio-3] but has failed to stop it. This is very likely to create a memory leak. Stack trace of thread:
 java.base@17.0.6/sun.nio.ch.WEPoll.wait(Native Method)
 java.base@17.0.6/sun.nio.ch.WEPollSelectorImpl.doSelect(WEPollSelectorImpl.java:111)
 java.base@17.0.6/sun.nio.ch.SelectorImpl.lockAndDoSelect(SelectorImpl.java:129)
 java.base@17.0.6/sun.nio.ch.SelectorImpl.select(SelectorImpl.java:146)
 app//io.netty.channel.nio.SelectedSelectionKeySetSelector.select(SelectedSelectionKeySetSelector.java:68)
 app//io.netty.channel.nio.NioEventLoop.select(NioEventLoop.java:879)
 app//io.netty.channel.nio.NioEventLoop.run(NioEventLoop.java:526)
 app//io.netty.util.concurrent.SingleThreadEventExecutor$4.run(SingleThreadEventExecutor.java:997)
 app//io.netty.util.internal.ThreadExecutorMap$2.run(ThreadExecutorMap.java:74)
 app//io.netty.util.concurrent.FastThreadLocalRunnable.run(FastThreadLocalRunnable.java:30)
 java.base@17.0.6/java.lang.Thread.run(Thread.java:833)
2023-05-22T14:38:38.217-03:00  WARN 8108 --- [Thread-7] o.a.c.loader.WebappClassLoaderBase       : The web application [ROOT] appears to have started a thread named [reactor-http-nio-4] but has failed to stop it. This is very likely to create a memory leak. Stack trace of thread:
 java.base@17.0.6/sun.nio.ch.WEPoll.wait(Native Method)
 java.base@17.0.6/sun.nio.ch.WEPollSelectorImpl.doSelect(WEPollSelectorImpl.java:111)
 java.base@17.0.6/sun.nio.ch.SelectorImpl.lockAndDoSelect(SelectorImpl.java:129)
 java.base@17.0.6/sun.nio.ch.SelectorImpl.select(SelectorImpl.java:146)
 app//io.netty.channel.nio.SelectedSelectionKeySetSelector.select(SelectedSelectionKeySetSelector.java:68)
 app//io.netty.channel.nio.NioEventLoop.select(NioEventLoop.java:879)
 app//io.netty.channel.nio.NioEventLoop.run(NioEventLoop.java:526)
 app//io.netty.util.concurrent.SingleThreadEventExecutor$4.run(SingleThreadEventExecutor.java:997)
 app//io.netty.util.internal.ThreadExecutorMap$2.run(ThreadExecutorMap.java:74)
 app//io.netty.util.concurrent.FastThreadLocalRunnable.run(FastThreadLocalRunnable.java:30)
 java.base@17.0.6/java.lang.Thread.run(Thread.java:833)
2023-05-22T14:38:38.217-03:00  WARN 8108 --- [Thread-7] o.a.c.loader.WebappClassLoaderBase       : The web application [ROOT] appears to have started a thread named [reactor-http-nio-5] but has failed to stop it. This is very likely to create a memory leak. Stack trace of thread:
 java.base@17.0.6/sun.nio.ch.WEPoll.wait(Native Method)
 java.base@17.0.6/sun.nio.ch.WEPollSelectorImpl.doSelect(WEPollSelectorImpl.java:111)
 java.base@17.0.6/sun.nio.ch.SelectorImpl.lockAndDoSelect(SelectorImpl.java:129)
 java.base@17.0.6/sun.nio.ch.SelectorImpl.select(SelectorImpl.java:146)
 app//io.netty.channel.nio.SelectedSelectionKeySetSelector.select(SelectedSelectionKeySetSelector.java:68)
 app//io.netty.channel.nio.NioEventLoop.select(NioEventLoop.java:879)
 app//io.netty.channel.nio.NioEventLoop.run(NioEventLoop.java:526)
 app//io.netty.util.concurrent.SingleThreadEventExecutor$4.run(SingleThreadEventExecutor.java:997)
 app//io.netty.util.internal.ThreadExecutorMap$2.run(ThreadExecutorMap.java:74)
 app//io.netty.util.concurrent.FastThreadLocalRunnable.run(FastThreadLocalRunnable.java:30)
 java.base@17.0.6/java.lang.Thread.run(Thread.java:833)
2023-05-22T14:38:38.217-03:00  WARN 8108 --- [Thread-7] o.a.c.loader.WebappClassLoaderBase       : The web application [ROOT] appears to have started a thread named [reactor-http-nio-6] but has failed to stop it. This is very likely to create a memory leak. Stack trace of thread:
 java.base@17.0.6/sun.nio.ch.WEPoll.wait(Native Method)
 java.base@17.0.6/sun.nio.ch.WEPollSelectorImpl.doSelect(WEPollSelectorImpl.java:111)
 java.base@17.0.6/sun.nio.ch.SelectorImpl.lockAndDoSelect(SelectorImpl.java:129)
 java.base@17.0.6/sun.nio.ch.SelectorImpl.select(SelectorImpl.java:146)
 app//io.netty.channel.nio.SelectedSelectionKeySetSelector.select(SelectedSelectionKeySetSelector.java:68)
 app//io.netty.channel.nio.NioEventLoop.select(NioEventLoop.java:879)
 app//io.netty.channel.nio.NioEventLoop.run(NioEventLoop.java:526)
 app//io.netty.util.concurrent.SingleThreadEventExecutor$4.run(SingleThreadEventExecutor.java:997)
 app//io.netty.util.internal.ThreadExecutorMap$2.run(ThreadExecutorMap.java:74)
 app//io.netty.util.concurrent.FastThreadLocalRunnable.run(FastThreadLocalRunnable.java:30)
 java.base@17.0.6/java.lang.Thread.run(Thread.java:833)
2023-05-22T14:38:38.218-03:00  WARN 8108 --- [Thread-7] o.a.c.loader.WebappClassLoaderBase       : The web application [ROOT] appears to have started a thread named [reactor-http-nio-7] but has failed to stop it. This is very likely to create a memory leak. Stack trace of thread:
 java.base@17.0.6/sun.nio.ch.WEPoll.wait(Native Method)
 java.base@17.0.6/sun.nio.ch.WEPollSelectorImpl.doSelect(WEPollSelectorImpl.java:111)
 java.base@17.0.6/sun.nio.ch.SelectorImpl.lockAndDoSelect(SelectorImpl.java:129)
 java.base@17.0.6/sun.nio.ch.SelectorImpl.select(SelectorImpl.java:146)
 app//io.netty.channel.nio.SelectedSelectionKeySetSelector.select(SelectedSelectionKeySetSelector.java:68)
 app//io.netty.channel.nio.NioEventLoop.select(NioEventLoop.java:879)
 app//io.netty.channel.nio.NioEventLoop.run(NioEventLoop.java:526)
 app//io.netty.util.concurrent.SingleThreadEventExecutor$4.run(SingleThreadEventExecutor.java:997)
 app//io.netty.util.internal.ThreadExecutorMap$2.run(ThreadExecutorMap.java:74)
 app//io.netty.util.concurrent.FastThreadLocalRunnable.run(FastThreadLocalRunnable.java:30)
 java.base@17.0.6/java.lang.Thread.run(Thread.java:833)
2023-05-22T14:38:38.218-03:00  WARN 8108 --- [Thread-7] o.a.c.loader.WebappClassLoaderBase       : The web application [ROOT] appears to have started a thread named [reactor-http-nio-8] but has failed to stop it. This is very likely to create a memory leak. Stack trace of thread:
 java.base@17.0.6/sun.nio.ch.WEPoll.wait(Native Method)
 java.base@17.0.6/sun.nio.ch.WEPollSelectorImpl.doSelect(WEPollSelectorImpl.java:111)
 java.base@17.0.6/sun.nio.ch.SelectorImpl.lockAndDoSelect(SelectorImpl.java:129)
 java.base@17.0.6/sun.nio.ch.SelectorImpl.select(SelectorImpl.java:146)
 app//io.netty.channel.nio.SelectedSelectionKeySetSelector.select(SelectedSelectionKeySetSelector.java:68)
 app//io.netty.channel.nio.NioEventLoop.select(NioEventLoop.java:879)
 app//io.netty.channel.nio.NioEventLoop.run(NioEventLoop.java:526)
 app//io.netty.util.concurrent.SingleThreadEventExecutor$4.run(SingleThreadEventExecutor.java:997)
 app//io.netty.util.internal.ThreadExecutorMap$2.run(ThreadExecutorMap.java:74)
 app//io.netty.util.concurrent.FastThreadLocalRunnable.run(FastThreadLocalRunnable.java:30)
 java.base@17.0.6/java.lang.Thread.run(Thread.java:833)
2023-05-22T14:38:38.218-03:00  WARN 8108 --- [Thread-7] o.a.c.loader.WebappClassLoaderBase       : The web application [ROOT] appears to have started a thread named [reactor-http-nio-9] but has failed to stop it. This is very likely to create a memory leak. Stack trace of thread:
 java.base@17.0.6/sun.nio.ch.WEPoll.wait(Native Method)
 java.base@17.0.6/sun.nio.ch.WEPollSelectorImpl.doSelect(WEPollSelectorImpl.java:111)
 java.base@17.0.6/sun.nio.ch.SelectorImpl.lockAndDoSelect(SelectorImpl.java:129)
 java.base@17.0.6/sun.nio.ch.SelectorImpl.select(SelectorImpl.java:146)
 app//io.netty.channel.nio.SelectedSelectionKeySetSelector.select(SelectedSelectionKeySetSelector.java:68)
 app//io.netty.channel.nio.NioEventLoop.select(NioEventLoop.java:879)
 app//io.netty.channel.nio.NioEventLoop.run(NioEventLoop.java:526)
 app//io.netty.util.concurrent.SingleThreadEventExecutor$4.run(SingleThreadEventExecutor.java:997)
 app//io.netty.util.internal.ThreadExecutorMap$2.run(ThreadExecutorMap.java:74)
 app//io.netty.util.concurrent.FastThreadLocalRunnable.run(FastThreadLocalRunnable.java:30)
 java.base@17.0.6/java.lang.Thread.run(Thread.java:833)
2023-05-22T14:38:38.218-03:00  WARN 8108 --- [Thread-7] o.a.c.loader.WebappClassLoaderBase       : The web application [ROOT] appears to have started a thread named [reactor-http-nio-10] but has failed to stop it. This is very likely to create a memory leak. Stack trace of thread:
 java.base@17.0.6/sun.nio.ch.WEPoll.wait(Native Method)
 java.base@17.0.6/sun.nio.ch.WEPollSelectorImpl.doSelect(WEPollSelectorImpl.java:111)
 java.base@17.0.6/sun.nio.ch.SelectorImpl.lockAndDoSelect(SelectorImpl.java:129)
 java.base@17.0.6/sun.nio.ch.SelectorImpl.select(SelectorImpl.java:146)
 app//io.netty.channel.nio.SelectedSelectionKeySetSelector.select(SelectedSelectionKeySetSelector.java:68)
 app//io.netty.channel.nio.NioEventLoop.select(NioEventLoop.java:879)
 app//io.netty.channel.nio.NioEventLoop.run(NioEventLoop.java:526)
 app//io.netty.util.concurrent.SingleThreadEventExecutor$4.run(SingleThreadEventExecutor.java:997)
 app//io.netty.util.internal.ThreadExecutorMap$2.run(ThreadExecutorMap.java:74)
 app//io.netty.util.concurrent.FastThreadLocalRunnable.run(FastThreadLocalRunnable.java:30)
 java.base@17.0.6/java.lang.Thread.run(Thread.java:833)
2023-05-22T14:38:38.218-03:00  WARN 8108 --- [Thread-7] o.a.c.loader.WebappClassLoaderBase       : The web application [ROOT] appears to have started a thread named [reactor-http-nio-11] but has failed to stop it. This is very likely to create a memory leak. Stack trace of thread:
 java.base@17.0.6/sun.nio.ch.WEPoll.wait(Native Method)
 java.base@17.0.6/sun.nio.ch.WEPollSelectorImpl.doSelect(WEPollSelectorImpl.java:111)
 java.base@17.0.6/sun.nio.ch.SelectorImpl.lockAndDoSelect(SelectorImpl.java:129)
 java.base@17.0.6/sun.nio.ch.SelectorImpl.select(SelectorImpl.java:146)
 app//io.netty.channel.nio.SelectedSelectionKeySetSelector.select(SelectedSelectionKeySetSelector.java:68)
 app//io.netty.channel.nio.NioEventLoop.select(NioEventLoop.java:879)
 app//io.netty.channel.nio.NioEventLoop.run(NioEventLoop.java:526)
 app//io.netty.util.concurrent.SingleThreadEventExecutor$4.run(SingleThreadEventExecutor.java:997)
 app//io.netty.util.internal.ThreadExecutorMap$2.run(ThreadExecutorMap.java:74)
 app//io.netty.util.concurrent.FastThreadLocalRunnable.run(FastThreadLocalRunnable.java:30)
 java.base@17.0.6/java.lang.Thread.run(Thread.java:833)
2023-05-22T14:38:38.219-03:00  WARN 8108 --- [Thread-7] o.a.c.loader.WebappClassLoaderBase       : The web application [ROOT] appears to have started a thread named [reactor-http-nio-12] but has failed to stop it. This is very likely to create a memory leak. Stack trace of thread:
 java.base@17.0.6/sun.nio.ch.WEPoll.wait(Native Method)
 java.base@17.0.6/sun.nio.ch.WEPollSelectorImpl.doSelect(WEPollSelectorImpl.java:111)
 java.base@17.0.6/sun.nio.ch.SelectorImpl.lockAndDoSelect(SelectorImpl.java:129)
 java.base@17.0.6/sun.nio.ch.SelectorImpl.select(SelectorImpl.java:146)
 app//io.netty.channel.nio.SelectedSelectionKeySetSelector.select(SelectedSelectionKeySetSelector.java:68)
 app//io.netty.channel.nio.NioEventLoop.select(NioEventLoop.java:879)
 app//io.netty.channel.nio.NioEventLoop.run(NioEventLoop.java:526)
 app//io.netty.util.concurrent.SingleThreadEventExecutor$4.run(SingleThreadEventExecutor.java:997)
 app//io.netty.util.internal.ThreadExecutorMap$2.run(ThreadExecutorMap.java:74)
 app//io.netty.util.concurrent.FastThreadLocalRunnable.run(FastThreadLocalRunnable.java:30)
 java.base@17.0.6/java.lang.Thread.run(Thread.java:833)
2023-05-22T14:38:38.219-03:00  WARN 8108 --- [Thread-7] o.a.c.loader.WebappClassLoaderBase       : The web application [ROOT] appears to have started a thread named [reactor-http-nio-13] but has failed to stop it. This is very likely to create a memory leak. Stack trace of thread:
 java.base@17.0.6/sun.nio.ch.WEPoll.wait(Native Method)
 java.base@17.0.6/sun.nio.ch.WEPollSelectorImpl.doSelect(WEPollSelectorImpl.java:111)
 java.base@17.0.6/sun.nio.ch.SelectorImpl.lockAndDoSelect(SelectorImpl.java:129)
 java.base@17.0.6/sun.nio.ch.SelectorImpl.select(SelectorImpl.java:146)
 app//io.netty.channel.nio.SelectedSelectionKeySetSelector.select(SelectedSelectionKeySetSelector.java:68)
 app//io.netty.channel.nio.NioEventLoop.select(NioEventLoop.java:879)
 app//io.netty.channel.nio.NioEventLoop.run(NioEventLoop.java:526)
 app//io.netty.util.concurrent.SingleThreadEventExecutor$4.run(SingleThreadEventExecutor.java:997)
 app//io.netty.util.internal.ThreadExecutorMap$2.run(ThreadExecutorMap.java:74)
 app//io.netty.util.concurrent.FastThreadLocalRunnable.run(FastThreadLocalRunnable.java:30)
 java.base@17.0.6/java.lang.Thread.run(Thread.java:833)
2023-05-22T14:38:38.219-03:00  WARN 8108 --- [Thread-7] o.a.c.loader.WebappClassLoaderBase       : The web application [ROOT] appears to have started a thread named [reactor-http-nio-14] but has failed to stop it. This is very likely to create a memory leak. Stack trace of thread:
 java.base@17.0.6/sun.nio.ch.WEPoll.wait(Native Method)
 java.base@17.0.6/sun.nio.ch.WEPollSelectorImpl.doSelect(WEPollSelectorImpl.java:111)
 java.base@17.0.6/sun.nio.ch.SelectorImpl.lockAndDoSelect(SelectorImpl.java:129)
 java.base@17.0.6/sun.nio.ch.SelectorImpl.select(SelectorImpl.java:146)
 app//io.netty.channel.nio.SelectedSelectionKeySetSelector.select(SelectedSelectionKeySetSelector.java:68)
 app//io.netty.channel.nio.NioEventLoop.select(NioEventLoop.java:879)
 app//io.netty.channel.nio.NioEventLoop.run(NioEventLoop.java:526)
 app//io.netty.util.concurrent.SingleThreadEventExecutor$4.run(SingleThreadEventExecutor.java:997)
 app//io.netty.util.internal.ThreadExecutorMap$2.run(ThreadExecutorMap.java:74)
 app//io.netty.util.concurrent.FastThreadLocalRunnable.run(FastThreadLocalRunnable.java:30)
 java.base@17.0.6/java.lang.Thread.run(Thread.java:833)
2023-05-22T14:38:38.219-03:00  WARN 8108 --- [Thread-7] o.a.c.loader.WebappClassLoaderBase       : The web application [ROOT] appears to have started a thread named [reactor-http-nio-15] but has failed to stop it. This is very likely to create a memory leak. Stack trace of thread:
 java.base@17.0.6/sun.nio.ch.WEPoll.wait(Native Method)
 java.base@17.0.6/sun.nio.ch.WEPollSelectorImpl.doSelect(WEPollSelectorImpl.java:111)
 java.base@17.0.6/sun.nio.ch.SelectorImpl.lockAndDoSelect(SelectorImpl.java:129)
 java.base@17.0.6/sun.nio.ch.SelectorImpl.select(SelectorImpl.java:146)
 app//io.netty.channel.nio.SelectedSelectionKeySetSelector.select(SelectedSelectionKeySetSelector.java:68)
 app//io.netty.channel.nio.NioEventLoop.select(NioEventLoop.java:879)
 app//io.netty.channel.nio.NioEventLoop.run(NioEventLoop.java:526)
 app//io.netty.util.concurrent.SingleThreadEventExecutor$4.run(SingleThreadEventExecutor.java:997)
 app//io.netty.util.internal.ThreadExecutorMap$2.run(ThreadExecutorMap.java:74)
 app//io.netty.util.concurrent.FastThreadLocalRunnable.run(FastThreadLocalRunnable.java:30)
 java.base@17.0.6/java.lang.Thread.run(Thread.java:833)
2023-05-22T14:38:38.219-03:00  WARN 8108 --- [Thread-7] o.a.c.loader.WebappClassLoaderBase       : The web application [ROOT] appears to have started a thread named [reactor-http-nio-16] but has failed to stop it. This is very likely to create a memory leak. Stack trace of thread:
 java.base@17.0.6/sun.nio.ch.WEPoll.wait(Native Method)
 java.base@17.0.6/sun.nio.ch.WEPollSelectorImpl.doSelect(WEPollSelectorImpl.java:111)
 java.base@17.0.6/sun.nio.ch.SelectorImpl.lockAndDoSelect(SelectorImpl.java:129)
 java.base@17.0.6/sun.nio.ch.SelectorImpl.select(SelectorImpl.java:146)
 app//io.netty.channel.nio.SelectedSelectionKeySetSelector.select(SelectedSelectionKeySetSelector.java:68)
 app//io.netty.channel.nio.NioEventLoop.select(NioEventLoop.java:879)
 app//io.netty.channel.nio.NioEventLoop.run(NioEventLoop.java:526)
 app//io.netty.util.concurrent.SingleThreadEventExecutor$4.run(SingleThreadEventExecutor.java:997)
 app//io.netty.util.internal.ThreadExecutorMap$2.run(ThreadExecutorMap.java:74)
 app//io.netty.util.concurrent.FastThreadLocalRunnable.run(FastThreadLocalRunnable.java:30)
 java.base@17.0.6/java.lang.Thread.run(Thread.java:833)
2023-05-22T14:38:38.219-03:00  WARN 8108 --- [Thread-7] o.a.c.loader.WebappClassLoaderBase       : The web application [ROOT] appears to have started a thread named [Thread-26] but has failed to stop it. This is very likely to create a memory leak. Stack trace of thread:
 java.base@17.0.6/sun.net.dns.ResolverConfigurationImpl.notifyAddrChange0(Native Method)
 java.base@17.0.6/sun.net.dns.ResolverConfigurationImpl$AddressChangeListener.run(ResolverConfigurationImpl.java:176)
2023-05-22T14:38:38.236-03:00  INFO 8108 --- [Thread-7] j.LocalContainerEntityManagerFactoryBean : Closing JPA EntityManagerFactory for persistence unit 'default'
2023-05-22T14:38:38.242-03:00  INFO 8108 --- [Thread-7] com.zaxxer.hikari.HikariDataSource       : HikariPool-1 - Shutdown initiated...
2023-05-22T14:38:38.469-03:00  INFO 8108 --- [Thread-7] com.zaxxer.hikari.HikariDataSource       : HikariPool-1 - Shutdown completed.
2023-05-22T14:38:38.677-03:00  INFO 8108 --- [restartedMain] b.c.c.cpr.ProcessCprApiApplication       : Starting ProcessCprApiApplication using Java 17.0.6 with PID 8108 (D:\workspace-spring-tool-suite\process-cpr-api\target\classes started by marcosvieira in D:\workspace-spring-tool-suite\process-cpr-api)
2023-05-22T14:38:38.678-03:00  INFO 8108 --- [restartedMain] b.c.c.cpr.ProcessCprApiApplication       : No active profile set, falling back to 1 default profile: "default"
2023-05-22T15:24:48.394-03:00  INFO 24632 --- [restartedMain] b.c.c.cpr.ProcessCprApiApplication       : Starting ProcessCprApiApplication using Java 17.0.6 with PID 24632 (D:\workspace-spring-tool-suite\process-cpr-api\target\classes started by marcosvieira in D:\workspace-spring-tool-suite\process-cpr-api)
2023-05-22T15:24:48.396-03:00  INFO 24632 --- [restartedMain] b.c.c.cpr.ProcessCprApiApplication       : No active profile set, falling back to 1 default profile: "default"
2023-05-22T15:24:48.423-03:00  INFO 24632 --- [restartedMain] o.s.b.devtools.restart.ChangeableUrls    : The Class-Path manifest attribute in C:\Users\marcosvieira\.m2\repository\com\oracle\database\jdbc\ojdbc8\21.9.0.0\ojdbc8-21.9.0.0.jar referenced one or more files that do not exist: file:/C:/Users/marcosvieira/.m2/repository/com/oracle/database/jdbc/ojdbc8/21.9.0.0/oraclepki.jar
2023-05-22T15:24:48.423-03:00  INFO 24632 --- [restartedMain] .e.DevToolsPropertyDefaultsPostProcessor : Devtools property defaults active! Set 'spring.devtools.add-properties' to 'false' to disable
2023-05-22T15:24:48.424-03:00  INFO 24632 --- [restartedMain] .e.DevToolsPropertyDefaultsPostProcessor : For additional web related logging consider setting the 'logging.level.web' property to 'DEBUG'
2023-05-22T15:24:49.136-03:00  INFO 24632 --- [restartedMain] .s.d.r.c.RepositoryConfigurationDelegate : Bootstrapping Spring Data JPA repositories in DEFAULT mode.
2023-05-22T15:24:49.248-03:00  INFO 24632 --- [restartedMain] .s.d.r.c.RepositoryConfigurationDelegate : Finished Spring Data repository scanning in 107 ms. Found 3 JPA repository interfaces.
2023-05-22T15:24:49.634-03:00  INFO 24632 --- [restartedMain] o.s.b.w.embedded.tomcat.TomcatWebServer  : Tomcat initialized with port(s): 8092 (http)
2023-05-22T15:24:49.641-03:00  INFO 24632 --- [restartedMain] o.apache.catalina.core.StandardService   : Starting service [Tomcat]
2023-05-22T15:24:49.642-03:00  INFO 24632 --- [restartedMain] o.apache.catalina.core.StandardEngine    : Starting Servlet engine: [Apache Tomcat/10.1.8]
2023-05-22T15:24:49.718-03:00  INFO 24632 --- [restartedMain] o.a.c.c.C.[Tomcat].[localhost].[/]       : Initializing Spring embedded WebApplicationContext
2023-05-22T15:24:49.718-03:00  INFO 24632 --- [restartedMain] w.s.c.ServletWebServerApplicationContext : Root WebApplicationContext: initialization completed in 1294 ms
2023-05-22T15:24:49.882-03:00  INFO 24632 --- [restartedMain] com.zaxxer.hikari.HikariDataSource       : HikariPool-1 - Starting...
2023-05-22T15:24:50.122-03:00  INFO 24632 --- [restartedMain] com.zaxxer.hikari.pool.HikariPool        : HikariPool-1 - Added connection oracle.jdbc.driver.T4CConnection@40e6c471
2023-05-22T15:24:50.124-03:00  INFO 24632 --- [restartedMain] com.zaxxer.hikari.HikariDataSource       : HikariPool-1 - Start completed.
2023-05-22T15:24:50.151-03:00  INFO 24632 --- [restartedMain] o.hibernate.jpa.internal.util.LogHelper  : HHH000204: Processing PersistenceUnitInfo [name: default]
2023-05-22T15:24:50.202-03:00  INFO 24632 --- [restartedMain] org.hibernate.Version                    : HHH000412: Hibernate ORM core version 6.2.2.Final
2023-05-22T15:24:50.203-03:00  INFO 24632 --- [restartedMain] org.hibernate.cfg.Environment            : HHH000406: Using bytecode reflection optimizer
2023-05-22T15:24:50.318-03:00  INFO 24632 --- [restartedMain] o.h.b.i.BytecodeProviderInitiator        : HHH000021: Bytecode provider name : bytebuddy
2023-05-22T15:24:50.423-03:00  INFO 24632 --- [restartedMain] o.s.o.j.p.SpringPersistenceUnitInfo      : No LoadTimeWeaver setup: ignoring JPA class transformer
2023-05-22T15:24:50.559-03:00  INFO 24632 --- [restartedMain] org.hibernate.orm.dialect                : HHH035001: Using dialect: org.hibernate.dialect.OracleDialect, version: 19.0
2023-05-22T15:24:50.755-03:00  INFO 24632 --- [restartedMain] o.h.b.i.BytecodeProviderInitiator        : HHH000021: Bytecode provider name : bytebuddy
2023-05-22T15:24:51.251-03:00  INFO 24632 --- [restartedMain] o.h.e.t.j.p.i.JtaPlatformInitiator       : HHH000490: Using JtaPlatform implementation: [org.hibernate.engine.transaction.jta.platform.internal.NoJtaPlatform]
2023-05-22T15:24:51.253-03:00  INFO 24632 --- [restartedMain] j.LocalContainerEntityManagerFactoryBean : Initialized JPA EntityManagerFactory for persistence unit 'default'
2023-05-22T15:24:51.495-03:00  INFO 24632 --- [restartedMain] o.s.d.j.r.query.QueryEnhancerFactory     : Hibernate is in classpath; If applicable, HQL parser will be used.
2023-05-22T15:24:52.078-03:00  INFO 24632 --- [restartedMain] o.s.b.d.a.OptionalLiveReloadServer       : LiveReload server is running on port 35729
2023-05-22T15:24:52.081-03:00  INFO 24632 --- [restartedMain] o.s.b.a.e.web.EndpointLinksResolver      : Exposing 9 endpoint(s) beneath base path '/actuator'
2023-05-22T15:24:52.144-03:00  INFO 24632 --- [restartedMain] o.s.b.w.embedded.tomcat.TomcatWebServer  : Tomcat started on port(s): 8092 (http) with context path ''
2023-05-22T15:24:52.156-03:00  INFO 24632 --- [restartedMain] b.c.c.cpr.ProcessCprApiApplication       : Started ProcessCprApiApplication in 4.004 seconds (process running for 4.698)
2023-05-22T15:24:52.211-03:00  WARN 24632 --- [registrationTask1] d.c.b.a.c.r.ApplicationRegistrator       : Failed to register application as Application(name=process-cpr-api, managementUrl=http://marcosvieira.cooxupe.com.br:8092/actuator, healthUrl=http://marcosvieira.cooxupe.com.br:8092/actuator/health, serviceUrl=http://marcosvieira.cooxupe.com.br:8092/) at spring-boot-admin ([http://localhost:9092/instances]): I/O error on POST request for "http://localhost:9092/instances": Connection refused: no further information. Further attempts are logged on DEBUG level
2023-05-22T15:24:52.987-03:00  INFO 24632 --- [RMI TCP Connection(10)-127.0.0.1] o.a.c.c.C.[Tomcat].[localhost].[/]       : Initializing Spring DispatcherServlet 'dispatcherServlet'
2023-05-22T15:24:52.988-03:00  INFO 24632 --- [RMI TCP Connection(10)-127.0.0.1] o.s.web.servlet.DispatcherServlet        : Initializing Servlet 'dispatcherServlet'
2023-05-22T15:24:52.989-03:00  INFO 24632 --- [RMI TCP Connection(10)-127.0.0.1] o.s.web.servlet.DispatcherServlet        : Completed initialization in 1 ms
2023-05-22T15:25:03.441-03:00  INFO 24632 --- [RMI TCP Connection(7)-127.0.0.1] inMXBeanRegistrar$SpringApplicationAdmin : Application shutdown requested.
2023-05-22T15:25:03.450-03:00  INFO 24632 --- [RMI TCP Connection(7)-127.0.0.1] o.apache.catalina.core.StandardService   : Stopping service [Tomcat]
2023-05-22T15:25:03.451-03:00  INFO 24632 --- [RMI TCP Connection(7)-127.0.0.1] o.a.c.c.C.[Tomcat].[localhost].[/]       : Destroying Spring FrameworkServlet 'dispatcherServlet'
2023-05-22T15:25:03.462-03:00  INFO 24632 --- [RMI TCP Connection(7)-127.0.0.1] j.LocalContainerEntityManagerFactoryBean : Closing JPA EntityManagerFactory for persistence unit 'default'
2023-05-22T15:25:03.464-03:00  INFO 24632 --- [RMI TCP Connection(7)-127.0.0.1] com.zaxxer.hikari.HikariDataSource       : HikariPool-1 - Shutdown initiated...
2023-05-22T15:25:03.491-03:00  INFO 24632 --- [RMI TCP Connection(7)-127.0.0.1] com.zaxxer.hikari.HikariDataSource       : HikariPool-1 - Shutdown completed.
2023-05-22T16:03:40.370-03:00  INFO 30808 --- [restartedMain] b.c.c.cpr.ProcessCprApiApplication       : Starting ProcessCprApiApplication using Java 17.0.6 with PID 30808 (D:\workspace-spring-tool-suite\process-cpr-api\target\classes started by marcosvieira in D:\workspace-spring-tool-suite\process-cpr-api)
2023-05-22T16:03:40.372-03:00  INFO 30808 --- [restartedMain] b.c.c.cpr.ProcessCprApiApplication       : No active profile set, falling back to 1 default profile: "default"
2023-05-22T16:03:40.399-03:00  INFO 30808 --- [restartedMain] o.s.b.devtools.restart.ChangeableUrls    : The Class-Path manifest attribute in C:\Users\marcosvieira\.m2\repository\com\oracle\database\jdbc\ojdbc8\21.9.0.0\ojdbc8-21.9.0.0.jar referenced one or more files that do not exist: file:/C:/Users/marcosvieira/.m2/repository/com/oracle/database/jdbc/ojdbc8/21.9.0.0/oraclepki.jar
2023-05-22T16:03:40.399-03:00  INFO 30808 --- [restartedMain] .e.DevToolsPropertyDefaultsPostProcessor : Devtools property defaults active! Set 'spring.devtools.add-properties' to 'false' to disable
2023-05-22T16:03:40.400-03:00  INFO 30808 --- [restartedMain] .e.DevToolsPropertyDefaultsPostProcessor : For additional web related logging consider setting the 'logging.level.web' property to 'DEBUG'
2023-05-22T16:03:41.099-03:00  INFO 30808 --- [restartedMain] .s.d.r.c.RepositoryConfigurationDelegate : Bootstrapping Spring Data JPA repositories in DEFAULT mode.
2023-05-22T16:03:41.217-03:00  INFO 30808 --- [restartedMain] .s.d.r.c.RepositoryConfigurationDelegate : Finished Spring Data repository scanning in 112 ms. Found 4 JPA repository interfaces.
2023-05-22T16:03:41.622-03:00  INFO 30808 --- [restartedMain] o.s.b.w.embedded.tomcat.TomcatWebServer  : Tomcat initialized with port(s): 8092 (http)
2023-05-22T16:03:41.628-03:00  INFO 30808 --- [restartedMain] o.apache.catalina.core.StandardService   : Starting service [Tomcat]
2023-05-22T16:03:41.628-03:00  INFO 30808 --- [restartedMain] o.apache.catalina.core.StandardEngine    : Starting Servlet engine: [Apache Tomcat/10.1.8]
2023-05-22T16:03:41.697-03:00  INFO 30808 --- [restartedMain] o.a.c.c.C.[Tomcat].[localhost].[/]       : Initializing Spring embedded WebApplicationContext
2023-05-22T16:03:41.698-03:00  INFO 30808 --- [restartedMain] w.s.c.ServletWebServerApplicationContext : Root WebApplicationContext: initialization completed in 1298 ms
2023-05-22T16:03:41.855-03:00  INFO 30808 --- [restartedMain] com.zaxxer.hikari.HikariDataSource       : HikariPool-1 - Starting...
2023-05-22T16:03:42.117-03:00  INFO 30808 --- [restartedMain] com.zaxxer.hikari.pool.HikariPool        : HikariPool-1 - Added connection oracle.jdbc.driver.T4CConnection@31764510
2023-05-22T16:03:42.118-03:00  INFO 30808 --- [restartedMain] com.zaxxer.hikari.HikariDataSource       : HikariPool-1 - Start completed.
2023-05-22T16:03:42.153-03:00  INFO 30808 --- [restartedMain] o.hibernate.jpa.internal.util.LogHelper  : HHH000204: Processing PersistenceUnitInfo [name: default]
2023-05-22T16:03:42.194-03:00  INFO 30808 --- [restartedMain] org.hibernate.Version                    : HHH000412: Hibernate ORM core version 6.2.2.Final
2023-05-22T16:03:42.196-03:00  INFO 30808 --- [restartedMain] org.hibernate.cfg.Environment            : HHH000406: Using bytecode reflection optimizer
2023-05-22T16:03:42.290-03:00  INFO 30808 --- [restartedMain] o.h.b.i.BytecodeProviderInitiator        : HHH000021: Bytecode provider name : bytebuddy
2023-05-22T16:03:42.391-03:00  INFO 30808 --- [restartedMain] o.s.o.j.p.SpringPersistenceUnitInfo      : No LoadTimeWeaver setup: ignoring JPA class transformer
2023-05-22T16:03:42.520-03:00  INFO 30808 --- [restartedMain] org.hibernate.orm.dialect                : HHH035001: Using dialect: org.hibernate.dialect.OracleDialect, version: 19.0
2023-05-22T16:03:42.701-03:00  INFO 30808 --- [restartedMain] o.h.b.i.BytecodeProviderInitiator        : HHH000021: Bytecode provider name : bytebuddy
2023-05-22T16:03:43.177-03:00  INFO 30808 --- [restartedMain] o.h.e.t.j.p.i.JtaPlatformInitiator       : HHH000490: Using JtaPlatform implementation: [org.hibernate.engine.transaction.jta.platform.internal.NoJtaPlatform]
2023-05-22T16:03:43.179-03:00  INFO 30808 --- [restartedMain] j.LocalContainerEntityManagerFactoryBean : Initialized JPA EntityManagerFactory for persistence unit 'default'
2023-05-22T16:03:43.431-03:00  INFO 30808 --- [restartedMain] o.s.d.j.r.query.QueryEnhancerFactory     : Hibernate is in classpath; If applicable, HQL parser will be used.
2023-05-22T16:03:44.015-03:00  INFO 30808 --- [restartedMain] o.s.b.d.a.OptionalLiveReloadServer       : LiveReload server is running on port 35729
2023-05-22T16:03:44.018-03:00  INFO 30808 --- [restartedMain] o.s.b.a.e.web.EndpointLinksResolver      : Exposing 9 endpoint(s) beneath base path '/actuator'
2023-05-22T16:03:44.074-03:00  INFO 30808 --- [restartedMain] o.s.b.w.embedded.tomcat.TomcatWebServer  : Tomcat started on port(s): 8092 (http) with context path ''
2023-05-22T16:03:44.086-03:00  INFO 30808 --- [restartedMain] b.c.c.cpr.ProcessCprApiApplication       : Started ProcessCprApiApplication in 3.954 seconds (process running for 4.619)
2023-05-22T16:03:44.144-03:00  WARN 30808 --- [registrationTask1] d.c.b.a.c.r.ApplicationRegistrator       : Failed to register application as Application(name=process-cpr-api, managementUrl=http://marcosvieira.cooxupe.com.br:8092/actuator, healthUrl=http://marcosvieira.cooxupe.com.br:8092/actuator/health, serviceUrl=http://marcosvieira.cooxupe.com.br:8092/) at spring-boot-admin ([http://localhost:9092/instances]): I/O error on POST request for "http://localhost:9092/instances": Connection refused: no further information. Further attempts are logged on DEBUG level
2023-05-22T16:03:45.056-03:00  INFO 30808 --- [RMI TCP Connection(10)-127.0.0.1] o.a.c.c.C.[Tomcat].[localhost].[/]       : Initializing Spring DispatcherServlet 'dispatcherServlet'
2023-05-22T16:03:45.056-03:00  INFO 30808 --- [RMI TCP Connection(10)-127.0.0.1] o.s.web.servlet.DispatcherServlet        : Initializing Servlet 'dispatcherServlet'
2023-05-22T16:03:45.057-03:00  INFO 30808 --- [RMI TCP Connection(10)-127.0.0.1] o.s.web.servlet.DispatcherServlet        : Completed initialization in 1 ms
2023-05-22T16:04:12.284-03:00  INFO 30808 --- [File Watcher] rtingClassPathChangeChangedEventListener : Restarting due to 1 class path change (1 addition, 0 deletions, 0 modifications)
2023-05-22T16:04:12.292-03:00  INFO 30808 --- [Thread-7] o.apache.catalina.core.StandardService   : Stopping service [Tomcat]
2023-05-22T16:04:12.294-03:00  INFO 30808 --- [Thread-7] o.a.c.c.C.[Tomcat].[localhost].[/]       : Destroying Spring FrameworkServlet 'dispatcherServlet'
2023-05-22T16:04:12.303-03:00  INFO 30808 --- [Thread-7] j.LocalContainerEntityManagerFactoryBean : Closing JPA EntityManagerFactory for persistence unit 'default'
2023-05-22T16:04:12.305-03:00  INFO 30808 --- [Thread-7] com.zaxxer.hikari.HikariDataSource       : HikariPool-1 - Shutdown initiated...
2023-05-22T16:04:12.336-03:00  INFO 30808 --- [Thread-7] com.zaxxer.hikari.HikariDataSource       : HikariPool-1 - Shutdown completed.
2023-05-22T16:04:12.400-03:00  INFO 30808 --- [restartedMain] b.c.c.cpr.ProcessCprApiApplication       : Starting ProcessCprApiApplication using Java 17.0.6 with PID 30808 (D:\workspace-spring-tool-suite\process-cpr-api\target\classes started by marcosvieira in D:\workspace-spring-tool-suite\process-cpr-api)
2023-05-22T16:04:12.400-03:00  INFO 30808 --- [restartedMain] b.c.c.cpr.ProcessCprApiApplication       : No active profile set, falling back to 1 default profile: "default"
2023-05-22T16:04:12.684-03:00  INFO 30808 --- [restartedMain] .s.d.r.c.RepositoryConfigurationDelegate : Bootstrapping Spring Data JPA repositories in DEFAULT mode.
2023-05-22T16:04:12.705-03:00  INFO 30808 --- [restartedMain] .s.d.r.c.RepositoryConfigurationDelegate : Finished Spring Data repository scanning in 22 ms. Found 4 JPA repository interfaces.
2023-05-22T16:04:12.781-03:00  INFO 30808 --- [restartedMain] o.s.b.w.embedded.tomcat.TomcatWebServer  : Tomcat initialized with port(s): 8092 (http)
2023-05-22T16:04:12.782-03:00  INFO 30808 --- [restartedMain] o.apache.catalina.core.StandardService   : Starting service [Tomcat]
2023-05-22T16:04:12.782-03:00  INFO 30808 --- [restartedMain] o.apache.catalina.core.StandardEngine    : Starting Servlet engine: [Apache Tomcat/10.1.8]
2023-05-22T16:04:12.822-03:00  INFO 30808 --- [restartedMain] o.a.c.c.C.[Tomcat].[localhost].[/]       : Initializing Spring embedded WebApplicationContext
2023-05-22T16:04:12.822-03:00  INFO 30808 --- [restartedMain] w.s.c.ServletWebServerApplicationContext : Root WebApplicationContext: initialization completed in 420 ms
2023-05-22T16:04:12.870-03:00  INFO 30808 --- [restartedMain] com.zaxxer.hikari.HikariDataSource       : HikariPool-2 - Starting...
2023-05-22T16:04:12.956-03:00  INFO 30808 --- [restartedMain] com.zaxxer.hikari.pool.HikariPool        : HikariPool-2 - Added connection oracle.jdbc.driver.T4CConnection@7b55842a
2023-05-22T16:04:12.956-03:00  INFO 30808 --- [restartedMain] com.zaxxer.hikari.HikariDataSource       : HikariPool-2 - Start completed.
2023-05-22T16:04:12.957-03:00  INFO 30808 --- [restartedMain] o.hibernate.jpa.internal.util.LogHelper  : HHH000204: Processing PersistenceUnitInfo [name: default]
2023-05-22T16:04:12.963-03:00  INFO 30808 --- [restartedMain] o.h.b.i.BytecodeProviderInitiator        : HHH000021: Bytecode provider name : bytebuddy
2023-05-22T16:04:12.963-03:00  INFO 30808 --- [restartedMain] o.s.o.j.p.SpringPersistenceUnitInfo      : No LoadTimeWeaver setup: ignoring JPA class transformer
2023-05-22T16:04:12.969-03:00  INFO 30808 --- [restartedMain] org.hibernate.orm.dialect                : HHH035001: Using dialect: org.hibernate.dialect.OracleDialect, version: 19.0
2023-05-22T16:04:12.984-03:00  INFO 30808 --- [restartedMain] o.h.b.i.BytecodeProviderInitiator        : HHH000021: Bytecode provider name : bytebuddy
2023-05-22T16:04:13.036-03:00  INFO 30808 --- [restartedMain] o.h.e.t.j.p.i.JtaPlatformInitiator       : HHH000490: Using JtaPlatform implementation: [org.hibernate.engine.transaction.jta.platform.internal.NoJtaPlatform]
2023-05-22T16:04:13.037-03:00  INFO 30808 --- [restartedMain] j.LocalContainerEntityManagerFactoryBean : Initialized JPA EntityManagerFactory for persistence unit 'default'
2023-05-22T16:04:13.281-03:00  INFO 30808 --- [restartedMain] o.s.b.d.a.OptionalLiveReloadServer       : LiveReload server is running on port 35729
2023-05-22T16:04:13.283-03:00  INFO 30808 --- [restartedMain] o.s.b.a.e.web.EndpointLinksResolver      : Exposing 9 endpoint(s) beneath base path '/actuator'
2023-05-22T16:04:13.301-03:00  INFO 30808 --- [restartedMain] o.s.b.w.embedded.tomcat.TomcatWebServer  : Tomcat started on port(s): 8092 (http) with context path ''
2023-05-22T16:04:13.309-03:00  INFO 30808 --- [restartedMain] b.c.c.cpr.ProcessCprApiApplication       : Started ProcessCprApiApplication in 0.937 seconds (process running for 33.842)
2023-05-22T16:04:13.311-03:00  INFO 30808 --- [restartedMain] .ConditionEvaluationDeltaLoggingListener : Condition evaluation unchanged
2023-05-22T16:04:13.314-03:00  WARN 30808 --- [registrationTask1] d.c.b.a.c.r.ApplicationRegistrator       : Failed to register application as Application(name=process-cpr-api, managementUrl=http://marcosvieira.cooxupe.com.br:8092/actuator, healthUrl=http://marcosvieira.cooxupe.com.br:8092/actuator/health, serviceUrl=http://marcosvieira.cooxupe.com.br:8092/) at spring-boot-admin ([http://localhost:9092/instances]): I/O error on POST request for "http://localhost:9092/instances": Connection refused: no further information. Further attempts are logged on DEBUG level
2023-05-22T16:04:15.122-03:00  INFO 30808 --- [RMI TCP Connection(16)-127.0.0.1] inMXBeanRegistrar$SpringApplicationAdmin : Application shutdown requested.
2023-05-22T16:04:15.128-03:00  INFO 30808 --- [RMI TCP Connection(16)-127.0.0.1] o.apache.catalina.core.StandardService   : Stopping service [Tomcat]
2023-05-22T16:04:15.132-03:00  INFO 30808 --- [RMI TCP Connection(16)-127.0.0.1] j.LocalContainerEntityManagerFactoryBean : Closing JPA EntityManagerFactory for persistence unit 'default'
2023-05-22T16:04:15.132-03:00  INFO 30808 --- [RMI TCP Connection(16)-127.0.0.1] com.zaxxer.hikari.HikariDataSource       : HikariPool-2 - Shutdown initiated...
2023-05-22T16:04:15.160-03:00  INFO 30808 --- [RMI TCP Connection(16)-127.0.0.1] com.zaxxer.hikari.HikariDataSource       : HikariPool-2 - Shutdown completed.
2023-05-22T16:58:39.726-03:00  INFO 32580 --- [restartedMain] b.c.c.cpr.ProcessCprApiApplication       : Starting ProcessCprApiApplication using Java 17.0.6 with PID 32580 (D:\workspace-spring-tool-suite\process-cpr-api\target\classes started by marcosvieira in D:\workspace-spring-tool-suite\process-cpr-api)
2023-05-22T16:58:39.728-03:00  INFO 32580 --- [restartedMain] b.c.c.cpr.ProcessCprApiApplication       : No active profile set, falling back to 1 default profile: "default"
2023-05-22T16:58:39.755-03:00  INFO 32580 --- [restartedMain] o.s.b.devtools.restart.ChangeableUrls    : The Class-Path manifest attribute in C:\Users\marcosvieira\.m2\repository\com\oracle\database\jdbc\ojdbc8\21.9.0.0\ojdbc8-21.9.0.0.jar referenced one or more files that do not exist: file:/C:/Users/marcosvieira/.m2/repository/com/oracle/database/jdbc/ojdbc8/21.9.0.0/oraclepki.jar
2023-05-22T16:58:39.755-03:00  INFO 32580 --- [restartedMain] .e.DevToolsPropertyDefaultsPostProcessor : Devtools property defaults active! Set 'spring.devtools.add-properties' to 'false' to disable
2023-05-22T16:58:39.755-03:00  INFO 32580 --- [restartedMain] .e.DevToolsPropertyDefaultsPostProcessor : For additional web related logging consider setting the 'logging.level.web' property to 'DEBUG'
2023-05-22T16:58:40.459-03:00  INFO 32580 --- [restartedMain] .s.d.r.c.RepositoryConfigurationDelegate : Bootstrapping Spring Data JPA repositories in DEFAULT mode.
2023-05-22T16:58:40.577-03:00  INFO 32580 --- [restartedMain] .s.d.r.c.RepositoryConfigurationDelegate : Finished Spring Data repository scanning in 113 ms. Found 5 JPA repository interfaces.
2023-05-22T16:58:40.956-03:00  INFO 32580 --- [restartedMain] o.s.b.w.embedded.tomcat.TomcatWebServer  : Tomcat initialized with port(s): 8092 (http)
2023-05-22T16:58:40.962-03:00  INFO 32580 --- [restartedMain] o.apache.catalina.core.StandardService   : Starting service [Tomcat]
2023-05-22T16:58:40.962-03:00  INFO 32580 --- [restartedMain] o.apache.catalina.core.StandardEngine    : Starting Servlet engine: [Apache Tomcat/10.1.8]
2023-05-22T16:58:41.039-03:00  INFO 32580 --- [restartedMain] o.a.c.c.C.[Tomcat].[localhost].[/]       : Initializing Spring embedded WebApplicationContext
2023-05-22T16:58:41.039-03:00  INFO 32580 --- [restartedMain] w.s.c.ServletWebServerApplicationContext : Root WebApplicationContext: initialization completed in 1283 ms
2023-05-22T16:58:41.197-03:00  INFO 32580 --- [restartedMain] com.zaxxer.hikari.HikariDataSource       : HikariPool-1 - Starting...
2023-05-22T16:58:41.396-03:00  INFO 32580 --- [restartedMain] com.zaxxer.hikari.pool.HikariPool        : HikariPool-1 - Added connection oracle.jdbc.driver.T4CConnection@3f1e28b8
2023-05-22T16:58:41.397-03:00  INFO 32580 --- [restartedMain] com.zaxxer.hikari.HikariDataSource       : HikariPool-1 - Start completed.
2023-05-22T16:58:41.422-03:00  INFO 32580 --- [restartedMain] o.hibernate.jpa.internal.util.LogHelper  : HHH000204: Processing PersistenceUnitInfo [name: default]
2023-05-22T16:58:41.461-03:00  INFO 32580 --- [restartedMain] org.hibernate.Version                    : HHH000412: Hibernate ORM core version 6.2.2.Final
2023-05-22T16:58:41.462-03:00  INFO 32580 --- [restartedMain] org.hibernate.cfg.Environment            : HHH000406: Using bytecode reflection optimizer
2023-05-22T16:58:41.556-03:00  INFO 32580 --- [restartedMain] o.h.b.i.BytecodeProviderInitiator        : HHH000021: Bytecode provider name : bytebuddy
2023-05-22T16:58:41.648-03:00  INFO 32580 --- [restartedMain] o.s.o.j.p.SpringPersistenceUnitInfo      : No LoadTimeWeaver setup: ignoring JPA class transformer
2023-05-22T16:58:41.780-03:00  INFO 32580 --- [restartedMain] org.hibernate.orm.dialect                : HHH035001: Using dialect: org.hibernate.dialect.OracleDialect, version: 19.0
2023-05-22T16:58:41.966-03:00  INFO 32580 --- [restartedMain] o.h.b.i.BytecodeProviderInitiator        : HHH000021: Bytecode provider name : bytebuddy
2023-05-22T16:58:42.459-03:00  INFO 32580 --- [restartedMain] o.h.e.t.j.p.i.JtaPlatformInitiator       : HHH000490: Using JtaPlatform implementation: [org.hibernate.engine.transaction.jta.platform.internal.NoJtaPlatform]
2023-05-22T16:58:42.461-03:00  INFO 32580 --- [restartedMain] j.LocalContainerEntityManagerFactoryBean : Initialized JPA EntityManagerFactory for persistence unit 'default'
2023-05-22T16:58:42.695-03:00  INFO 32580 --- [restartedMain] o.s.d.j.r.query.QueryEnhancerFactory     : Hibernate is in classpath; If applicable, HQL parser will be used.
2023-05-22T16:58:43.301-03:00  INFO 32580 --- [restartedMain] o.s.b.d.a.OptionalLiveReloadServer       : LiveReload server is running on port 35729
2023-05-22T16:58:43.305-03:00  INFO 32580 --- [restartedMain] o.s.b.a.e.web.EndpointLinksResolver      : Exposing 9 endpoint(s) beneath base path '/actuator'
2023-05-22T16:58:43.364-03:00  INFO 32580 --- [restartedMain] o.s.b.w.embedded.tomcat.TomcatWebServer  : Tomcat started on port(s): 8092 (http) with context path ''
2023-05-22T16:58:43.375-03:00  INFO 32580 --- [restartedMain] b.c.c.cpr.ProcessCprApiApplication       : Started ProcessCprApiApplication in 3.892 seconds (process running for 4.579)
2023-05-22T16:58:43.433-03:00  WARN 32580 --- [registrationTask1] d.c.b.a.c.r.ApplicationRegistrator       : Failed to register application as Application(name=process-cpr-api, managementUrl=http://marcosvieira.cooxupe.com.br:8092/actuator, healthUrl=http://marcosvieira.cooxupe.com.br:8092/actuator/health, serviceUrl=http://marcosvieira.cooxupe.com.br:8092/) at spring-boot-admin ([http://localhost:9092/instances]): I/O error on POST request for "http://localhost:9092/instances": Connection refused: no further information. Further attempts are logged on DEBUG level
2023-05-22T16:58:44.073-03:00  INFO 32580 --- [RMI TCP Connection(8)-127.0.0.1] o.a.c.c.C.[Tomcat].[localhost].[/]       : Initializing Spring DispatcherServlet 'dispatcherServlet'
2023-05-22T16:58:44.074-03:00  INFO 32580 --- [RMI TCP Connection(8)-127.0.0.1] o.s.web.servlet.DispatcherServlet        : Initializing Servlet 'dispatcherServlet'
2023-05-22T16:58:44.075-03:00  INFO 32580 --- [RMI TCP Connection(8)-127.0.0.1] o.s.web.servlet.DispatcherServlet        : Completed initialization in 1 ms
2023-05-22T16:58:47.817-03:00  INFO 32580 --- [RMI TCP Connection(7)-127.0.0.1] inMXBeanRegistrar$SpringApplicationAdmin : Application shutdown requested.
2023-05-22T16:58:47.826-03:00  INFO 32580 --- [RMI TCP Connection(7)-127.0.0.1] o.apache.catalina.core.StandardService   : Stopping service [Tomcat]
2023-05-22T16:58:47.826-03:00  INFO 32580 --- [RMI TCP Connection(7)-127.0.0.1] o.a.c.c.C.[Tomcat].[localhost].[/]       : Destroying Spring FrameworkServlet 'dispatcherServlet'
2023-05-22T16:58:47.838-03:00  INFO 32580 --- [RMI TCP Connection(7)-127.0.0.1] j.LocalContainerEntityManagerFactoryBean : Closing JPA EntityManagerFactory for persistence unit 'default'
2023-05-22T16:58:47.840-03:00  INFO 32580 --- [RMI TCP Connection(7)-127.0.0.1] com.zaxxer.hikari.HikariDataSource       : HikariPool-1 - Shutdown initiated...
2023-05-22T16:58:47.865-03:00  INFO 32580 --- [RMI TCP Connection(7)-127.0.0.1] com.zaxxer.hikari.HikariDataSource       : HikariPool-1 - Shutdown completed.
2023-05-22T17:39:31.779-03:00  INFO 32992 --- [restartedMain] b.c.c.cpr.ProcessCprApiApplication       : Starting ProcessCprApiApplication using Java 17.0.6 with PID 32992 (D:\workspace-spring-tool-suite\process-cpr-api\target\classes started by marcosvieira in D:\workspace-spring-tool-suite\process-cpr-api)
2023-05-22T17:39:31.782-03:00  INFO 32992 --- [restartedMain] b.c.c.cpr.ProcessCprApiApplication       : No active profile set, falling back to 1 default profile: "default"
2023-05-22T17:39:31.809-03:00  INFO 32992 --- [restartedMain] o.s.b.devtools.restart.ChangeableUrls    : The Class-Path manifest attribute in C:\Users\marcosvieira\.m2\repository\com\oracle\database\jdbc\ojdbc8\21.9.0.0\ojdbc8-21.9.0.0.jar referenced one or more files that do not exist: file:/C:/Users/marcosvieira/.m2/repository/com/oracle/database/jdbc/ojdbc8/21.9.0.0/oraclepki.jar
2023-05-22T17:39:31.809-03:00  INFO 32992 --- [restartedMain] .e.DevToolsPropertyDefaultsPostProcessor : Devtools property defaults active! Set 'spring.devtools.add-properties' to 'false' to disable
2023-05-22T17:39:31.809-03:00  INFO 32992 --- [restartedMain] .e.DevToolsPropertyDefaultsPostProcessor : For additional web related logging consider setting the 'logging.level.web' property to 'DEBUG'
2023-05-22T17:39:32.518-03:00  INFO 32992 --- [restartedMain] .s.d.r.c.RepositoryConfigurationDelegate : Bootstrapping Spring Data JPA repositories in DEFAULT mode.
2023-05-22T17:39:32.645-03:00  INFO 32992 --- [restartedMain] .s.d.r.c.RepositoryConfigurationDelegate : Finished Spring Data repository scanning in 122 ms. Found 6 JPA repository interfaces.
2023-05-22T17:39:33.024-03:00  INFO 32992 --- [restartedMain] o.s.b.w.embedded.tomcat.TomcatWebServer  : Tomcat initialized with port(s): 8092 (http)
2023-05-22T17:39:33.030-03:00  INFO 32992 --- [restartedMain] o.apache.catalina.core.StandardService   : Starting service [Tomcat]
2023-05-22T17:39:33.030-03:00  INFO 32992 --- [restartedMain] o.apache.catalina.core.StandardEngine    : Starting Servlet engine: [Apache Tomcat/10.1.8]
2023-05-22T17:39:33.101-03:00  INFO 32992 --- [restartedMain] o.a.c.c.C.[Tomcat].[localhost].[/]       : Initializing Spring embedded WebApplicationContext
2023-05-22T17:39:33.101-03:00  INFO 32992 --- [restartedMain] w.s.c.ServletWebServerApplicationContext : Root WebApplicationContext: initialization completed in 1292 ms
2023-05-22T17:39:33.259-03:00  INFO 32992 --- [restartedMain] com.zaxxer.hikari.HikariDataSource       : HikariPool-1 - Starting...
2023-05-22T17:39:33.460-03:00  INFO 32992 --- [restartedMain] com.zaxxer.hikari.pool.HikariPool        : HikariPool-1 - Added connection oracle.jdbc.driver.T4CConnection@469e1f4a
2023-05-22T17:39:33.461-03:00  INFO 32992 --- [restartedMain] com.zaxxer.hikari.HikariDataSource       : HikariPool-1 - Start completed.
2023-05-22T17:39:33.486-03:00  INFO 32992 --- [restartedMain] o.hibernate.jpa.internal.util.LogHelper  : HHH000204: Processing PersistenceUnitInfo [name: default]
2023-05-22T17:39:33.524-03:00  INFO 32992 --- [restartedMain] org.hibernate.Version                    : HHH000412: Hibernate ORM core version 6.2.2.Final
2023-05-22T17:39:33.526-03:00  INFO 32992 --- [restartedMain] org.hibernate.cfg.Environment            : HHH000406: Using bytecode reflection optimizer
2023-05-22T17:39:33.621-03:00  INFO 32992 --- [restartedMain] o.h.b.i.BytecodeProviderInitiator        : HHH000021: Bytecode provider name : bytebuddy
2023-05-22T17:39:33.715-03:00  INFO 32992 --- [restartedMain] o.s.o.j.p.SpringPersistenceUnitInfo      : No LoadTimeWeaver setup: ignoring JPA class transformer
2023-05-22T17:39:33.841-03:00  INFO 32992 --- [restartedMain] org.hibernate.orm.dialect                : HHH035001: Using dialect: org.hibernate.dialect.OracleDialect, version: 19.0
2023-05-22T17:39:34.034-03:00  INFO 32992 --- [restartedMain] o.h.b.i.BytecodeProviderInitiator        : HHH000021: Bytecode provider name : bytebuddy
2023-05-22T17:39:34.547-03:00  INFO 32992 --- [restartedMain] o.h.e.t.j.p.i.JtaPlatformInitiator       : HHH000490: Using JtaPlatform implementation: [org.hibernate.engine.transaction.jta.platform.internal.NoJtaPlatform]
2023-05-22T17:39:34.549-03:00  INFO 32992 --- [restartedMain] j.LocalContainerEntityManagerFactoryBean : Initialized JPA EntityManagerFactory for persistence unit 'default'
2023-05-22T17:39:34.787-03:00  INFO 32992 --- [restartedMain] o.s.d.j.r.query.QueryEnhancerFactory     : Hibernate is in classpath; If applicable, HQL parser will be used.
2023-05-22T17:39:35.420-03:00  INFO 32992 --- [restartedMain] o.s.b.d.a.OptionalLiveReloadServer       : LiveReload server is running on port 35729
2023-05-22T17:39:35.423-03:00  INFO 32992 --- [restartedMain] o.s.b.a.e.web.EndpointLinksResolver      : Exposing 9 endpoint(s) beneath base path '/actuator'
2023-05-22T17:39:35.481-03:00  INFO 32992 --- [restartedMain] o.s.b.w.embedded.tomcat.TomcatWebServer  : Tomcat started on port(s): 8092 (http) with context path ''
2023-05-22T17:39:35.494-03:00  INFO 32992 --- [restartedMain] b.c.c.cpr.ProcessCprApiApplication       : Started ProcessCprApiApplication in 3.956 seconds (process running for 4.627)
2023-05-22T17:39:35.551-03:00  WARN 32992 --- [registrationTask1] d.c.b.a.c.r.ApplicationRegistrator       : Failed to register application as Application(name=process-cpr-api, managementUrl=http://marcosvieira.cooxupe.com.br:8092/actuator, healthUrl=http://marcosvieira.cooxupe.com.br:8092/actuator/health, serviceUrl=http://marcosvieira.cooxupe.com.br:8092/) at spring-boot-admin ([http://localhost:9092/instances]): I/O error on POST request for "http://localhost:9092/instances": Connection refused: no further information. Further attempts are logged on DEBUG level
2023-05-22T17:39:36.506-03:00  INFO 32992 --- [RMI TCP Connection(9)-127.0.0.1] o.a.c.c.C.[Tomcat].[localhost].[/]       : Initializing Spring DispatcherServlet 'dispatcherServlet'
2023-05-22T17:39:36.507-03:00  INFO 32992 --- [RMI TCP Connection(9)-127.0.0.1] o.s.web.servlet.DispatcherServlet        : Initializing Servlet 'dispatcherServlet'
2023-05-22T17:39:36.508-03:00  INFO 32992 --- [RMI TCP Connection(9)-127.0.0.1] o.s.web.servlet.DispatcherServlet        : Completed initialization in 1 ms
2023-05-22T17:39:42.534-03:00  INFO 32992 --- [RMI TCP Connection(8)-127.0.0.1] inMXBeanRegistrar$SpringApplicationAdmin : Application shutdown requested.
2023-05-22T17:39:42.543-03:00  INFO 32992 --- [RMI TCP Connection(8)-127.0.0.1] o.apache.catalina.core.StandardService   : Stopping service [Tomcat]
2023-05-22T17:39:42.543-03:00  INFO 32992 --- [RMI TCP Connection(8)-127.0.0.1] o.a.c.c.C.[Tomcat].[localhost].[/]       : Destroying Spring FrameworkServlet 'dispatcherServlet'
2023-05-22T17:39:42.554-03:00  INFO 32992 --- [RMI TCP Connection(8)-127.0.0.1] j.LocalContainerEntityManagerFactoryBean : Closing JPA EntityManagerFactory for persistence unit 'default'
2023-05-22T17:39:42.556-03:00  INFO 32992 --- [RMI TCP Connection(8)-127.0.0.1] com.zaxxer.hikari.HikariDataSource       : HikariPool-1 - Shutdown initiated...
2023-05-22T17:39:42.579-03:00  INFO 32992 --- [RMI TCP Connection(8)-127.0.0.1] com.zaxxer.hikari.HikariDataSource       : HikariPool-1 - Shutdown completed.
